{"win":{"eventdata":{"subjectLogonId":"0x6d3e7","subjectDomainName":"WIN-ADEVJIANI","ipAddress":"::1","authenticationPackageName":"Negotiate","workstationName":"WIN-ADEVJIANI","subStatus":"0xc0000064","logonProcessName":"seclogo","targetUserName":"nonexistentuser1","keyLength":"0","subjectUserSid":"S-1-5-21-2954689795-1905190546-495090600-1000","processId":"0x80c","processName":"C:\\\\Windows\\\\System32\\\\svchost.exe","ipPort":"0","failureReason":"%%2313","targetDomainName":"WIN-ADEVJIANI","targetUserSid":"S-1-0-0","logonType":"2","subjectUserName":"labadmin","status":"0xc000006d"},"system":{"eventID":"4625","keywords":"0x8010000000000000","providerGuid":"{54849625-5478-4994-a5ba-3e3b0328c30d}","level":"0","channel":"Security","opcode":"0","message":"\"An account failed to log on.\r\n\r\nSubject:\r\n\tSecurity ID:\t\tS-1-5-21-2954689795-1905190546-495090600-1000\r\n\tAccount Name:\t\tlabadmin\r\n\tAccount Domain:\t\tWIN-ADEVJIANI\r\n\tLogon ID:\t\t0x6D3E7\r\n\r\nLogon Type:\t\t\t2\r\n\r\nAccount For Which Logon Failed:\r\n\tSecurity ID:\t\tS-1-0-0\r\n\tAccount Name:\t\tnonexistentuser1\r\n\tAccount Domain:\t\tWIN-ADEVJIANI\r\n\r\nFailure Information:\r\n\tFailure Reason:\t\tUnknown user name or bad password.\r\n\tStatus:\t\t\t0xC000006D\r\n\tSub Status:\t\t0xC0000064\r\n\r\nProcess Information:\r\n\tCaller Process ID:\t0x80c\r\n\tCaller Process Name:\tC:\\Windows\\System32\\svchost.exe\r\n\r\nNetwork Information:\r\n\tWorkstation Name:\tWIN-ADEVJIANI\r\n\tSource Network Address:\t::1\r\n\tSource Port:\t\t0\r\n\r\nDetailed Authentication Information:\r\n\tLogon Process:\t\tseclogo\r\n\tAuthentication Package:\tNegotiate\r\n\tTransited Services:\t-\r\n\tPackage Name (NTLM only):\t-\r\n\tKey Length:\t\t0\r\n\r\nThis event is generated when a logon request fails. It is generated on the computer where access was attempted.\r\n\r\nThe Subject fields indicate the account on the local system which requested the logon. This is most commonly a service such as the Server service, or a local process such as Winlogon.exe or Services.exe.\r\n\r\nThe Logon Type field indicates the kind of logon that was requested. The most common types are 2 (interactive) and 3 (network).\r\n\r\nThe Process Information fields indicate which account and process on the system requested the logon.\r\n\r\nThe Network Information fields indicate where a remote logon request originated. Workstation name is not always available and may be left blank in some cases.\r\n\r\nThe authentication information fields provide detailed information about this specific logon request.\r\n\t- Transited services indicate which intermediate services have participated in this logon request.\r\n\t- Package name indicates which sub-protocol was used among the NTLM protocols.\r\n\t- Key length indicates the length of the generated session key. This will be 0 if no session key was requested.\"","version":"0","systemTime":"2026-08-05T07:46:52.5603115Z","eventRecordID":"25087","threadID":"916","computer":"win-adevjiani","task":"12544","processID":"868","severityValue":"AUDIT_FAILURE","providerName":"Microsoft-Windows-Security-Auditing"}}}
{"win":{"eventdata":{"subjectLogonId":"0x6d3e7","subjectDomainName":"WIN-ADEVJIANI","ipAddress":"::1","authenticationPackageName":"Negotiate","workstationName":"WIN-ADEVJIANI","subStatus":"0xc0000064","logonProcessName":"seclogo","targetUserName":"nonexistentuser2","keyLength":"0","subjectUserSid":"S-1-5-21-2954689795-1905190546-495090600-1000","processId":"0x80c","processName":"C:\\\\Windows\\\\System32\\\\svchost.exe","ipPort":"0","failureReason":"%%2313","targetDomainName":"WIN-ADEVJIANI","targetUserSid":"S-1-0-0","logonType":"2","subjectUserName":"labadmin","status":"0xc000006d"},"system":{"eventID":"4625","keywords":"0x8010000000000000","providerGuid":"{54849625-5478-4994-a5ba-3e3b0328c30d}","level":"0","channel":"Security","opcode":"0","message":"\"An account failed to log on.\r\n\r\nSubject:\r\n\tSecurity ID:\t\tS-1-5-21-2954689795-1905190546-495090600-1000\r\n\tAccount Name:\t\tlabadmin\r\n\tAccount Domain:\t\tWIN-ADEVJIANI\r\n\tLogon ID:\t\t0x6D3E7\r\n\r\nLogon Type:\t\t\t2\r\n\r\nAccount For Which Logon Failed:\r\n\tSecurity ID:\t\tS-1-0-0\r\n\tAccount Name:\t\tnonexistentuser2\r\n\tAccount Domain:\t\tWIN-ADEVJIANI\r\n\r\nFailure Information:\r\n\tFailure Reason:\t\tUnknown user name or bad password.\r\n\tStatus:\t\t\t0xC000006D\r\n\tSub Status:\t\t0xC0000064\r\n\r\nProcess Information:\r\n\tCaller Process ID:\t0x80c\r\n\tCaller Process Name:\tC:\\Windows\\System32\\svchost.exe\r\n\r\nNetwork Information:\r\n\tWorkstation Name:\tWIN-ADEVJIANI\r\n\tSource Network Address:\t::1\r\n\tSource Port:\t\t0\r\n\r\nDetailed Authentication Information:\r\n\tLogon Process:\t\tseclogo\r\n\tAuthentication Package:\tNegotiate\r\n\tTransited Services:\t-\r\n\tPackage Name (NTLM only):\t-\r\n\tKey Length:\t\t0\r\n\r\nThis event is generated when a logon request fails. It is generated on the computer where access was attempted.\r\n\r\nThe Subject fields indicate the account on the local system which requested the logon. This is most commonly a service such as the Server service, or a local process such as Winlogon.exe or Services.exe.\r\n\r\nThe Logon Type field indicates the kind of logon that was requested. The most common types are 2 (interactive) and 3 (network).\r\n\r\nThe Process Information fields indicate which account and process on the system requested the logon.\r\n\r\nThe Network Information fields indicate where a remote logon request originated. Workstation name is not always available and may be left blank in some cases.\r\n\r\nThe authentication information fields provide detailed information about this specific logon request.\r\n\t- Transited services indicate which intermediate services have participated in this logon request.\r\n\t- Package name indicates which sub-protocol was used among the NTLM protocols.\r\n\t- Key length indicates the length of the generated session key. This will be 0 if no session key was requested.\"","version":"0","systemTime":"2026-08-05T07:47:00.0741634Z","eventRecordID":"25089","threadID":"916","computer":"win-adevjiani","task":"12544","processID":"868","severityValue":"AUDIT_FAILURE","providerName":"Microsoft-Windows-Security-Auditing"}}}
{"win":{"eventdata":{"subjectLogonId":"0x6d3e7","subjectDomainName":"WIN-ADEVJIANI","ipAddress":"::1","authenticationPackageName":"Negotiate","workstationName":"WIN-ADEVJIANI","subStatus":"0xc0000064","logonProcessName":"seclogo","targetUserName":"nonexistentuser3","keyLength":"0","subjectUserSid":"S-1-5-21-2954689795-1905190546-495090600-1000","processId":"0x80c","processName":"C:\\\\Windows\\\\System32\\\\svchost.exe","ipPort":"0","failureReason":"%%2313","targetDomainName":"WIN-ADEVJIANI","targetUserSid":"S-1-0-0","logonType":"2","subjectUserName":"labadmin","status":"0xc000006d"},"system":{"eventID":"4625","keywords":"0x8010000000000000","providerGuid":"{54849625-5478-4994-a5ba-3e3b0328c30d}","level":"0","channel":"Security","opcode":"0","message":"\"An account failed to log on.\r\n\r\nSubject:\r\n\tSecurity ID:\t\tS-1-5-21-2954689795-1905190546-495090600-1000\r\n\tAccount Name:\t\tlabadmin\r\n\tAccount Domain:\t\tWIN-ADEVJIANI\r\n\tLogon ID:\t\t0x6D3E7\r\n\r\nLogon Type:\t\t\t2\r\n\r\nAccount For Which Logon Failed:\r\n\tSecurity ID:\t\tS-1-0-0\r\n\tAccount Name:\t\tnonexistentuser3\r\n\tAccount Domain:\t\tWIN-ADEVJIANI\r\n\r\nFailure Information:\r\n\tFailure Reason:\t\tUnknown user name or bad password.\r\n\tStatus:\t\t\t0xC000006D\r\n\tSub Status:\t\t0xC0000064\r\n\r\nProcess Information:\r\n\tCaller Process ID:\t0x80c\r\n\tCaller Process Name:\tC:\\Windows\\System32\\svchost.exe\r\n\r\nNetwork Information:\r\n\tWorkstation Name:\tWIN-ADEVJIANI\r\n\tSource Network Address:\t::1\r\n\tSource Port:\t\t0\r\n\r\nDetailed Authentication Information:\r\n\tLogon Process:\t\tseclogo\r\n\tAuthentication Package:\tNegotiate\r\n\tTransited Services:\t-\r\n\tPackage Name (NTLM only):\t-\r\n\tKey Length:\t\t0\r\n\r\nThis event is generated when a logon request fails. It is generated on the computer where access was attempted.\r\n\r\nThe Subject fields indicate the account on the local system which requested the logon. This is most commonly a service such as the Server service, or a local process such as Winlogon.exe or Services.exe.\r\n\r\nThe Logon Type field indicates the kind of logon that was requested. The most common types are 2 (interactive) and 3 (network).\r\n\r\nThe Process Information fields indicate which account and process on the system requested the logon.\r\n\r\nThe Network Information fields indicate where a remote logon request originated. Workstation name is not always available and may be left blank in some cases.\r\n\r\nThe authentication information fields provide detailed information about this specific logon request.\r\n\t- Transited services indicate which intermediate services have participated in this logon request.\r\n\t- Package name indicates which sub-protocol was used among the NTLM protocols.\r\n\t- Key length indicates the length of the generated session key. This will be 0 if no session key was requested.\"","version":"0","systemTime":"2026-08-05T07:47:07.3670110Z","eventRecordID":"25091","threadID":"916","computer":"win-adevjiani","task":"12544","processID":"868","severityValue":"AUDIT_FAILURE","providerName":"Microsoft-Windows-Security-Auditing"}}}
{"win":{"eventdata":{"subjectLogonId":"0x6d3e7","subjectDomainName":"WIN-ADEVJIANI","ipAddress":"::1","authenticationPackageName":"Negotiate","workstationName":"WIN-ADEVJIANI","subStatus":"0xc0000064","logonProcessName":"seclogo","targetUserName":"nonexistentuser4","keyLength":"0","subjectUserSid":"S-1-5-21-2954689795-1905190546-495090600-1000","processId":"0x80c","processName":"C:\\\\Windows\\\\System32\\\\svchost.exe","ipPort":"0","failureReason":"%%2313","targetDomainName":"WIN-ADEVJIANI","targetUserSid":"S-1-0-0","logonType":"2","subjectUserName":"labadmin","status":"0xc000006d"},"system":{"eventID":"4625","keywords":"0x8010000000000000","providerGuid":"{54849625-5478-4994-a5ba-3e3b0328c30d}","level":"0","channel":"Security","opcode":"0","message":"\"An account failed to log on.\r\n\r\nSubject:\r\n\tSecurity ID:\t\tS-1-5-21-2954689795-1905190546-495090600-1000\r\n\tAccount Name:\t\tlabadmin\r\n\tAccount Domain:\t\tWIN-ADEVJIANI\r\n\tLogon ID:\t\t0x6D3E7\r\n\r\nLogon Type:\t\t\t2\r\n\r\nAccount For Which Logon Failed:\r\n\tSecurity ID:\t\tS-1-0-0\r\n\tAccount Name:\t\tnonexistentuser4\r\n\tAccount Domain:\t\tWIN-ADEVJIANI\r\n\r\nFailure Information:\r\n\tFailure Reason:\t\tUnknown user name or bad password.\r\n\tStatus:\t\t\t0xC000006D\r\n\tSub Status:\t\t0xC0000064\r\n\r\nProcess Information:\r\n\tCaller Process ID:\t0x80c\r\n\tCaller Process Name:\tC:\\Windows\\System32\\svchost.exe\r\n\r\nNetwork Information:\r\n\tWorkstation Name:\tWIN-ADEVJIANI\r\n\tSource Network Address:\t::1\r\n\tSource Port:\t\t0\r\n\r\nDetailed Authentication Information:\r\n\tLogon Process:\t\tseclogo\r\n\tAuthentication Package:\tNegotiate\r\n\tTransited Services:\t-\r\n\tPackage Name (NTLM only):\t-\r\n\tKey Length:\t\t0\r\n\r\nThis event is generated when a logon request fails. It is generated on the computer where access was attempted.\r\n\r\nThe Subject fields indicate the account on the local system which requested the logon. This is most commonly a service such as the Server service, or a local process such as Winlogon.exe or Services.exe.\r\n\r\nThe Logon Type field indicates the kind of logon that was requested. The most common types are 2 (interactive) and 3 (network).\r\n\r\nThe Process Information fields indicate which account and process on the system requested the logon.\r\n\r\nThe Network Information fields indicate where a remote logon request originated. Workstation name is not always available and may be left blank in some cases.\r\n\r\nThe authentication information fields provide detailed information about this specific logon request.\r\n\t- Transited services indicate which intermediate services have participated in this logon request.\r\n\t- Package name indicates which sub-protocol was used among the NTLM protocols.\r\n\t- Key length indicates the length of the generated session key. This will be 0 if no session key was requested.\"","version":"0","systemTime":"2026-08-05T07:47:12.0228060Z","eventRecordID":"25093","threadID":"916","computer":"win-adevjiani","task":"12544","processID":"868","severityValue":"AUDIT_FAILURE","providerName":"Microsoft-Windows-Security-Auditing"}}}
{"win":{"eventdata":{"subjectLogonId":"0x6d3e7","subjectDomainName":"WIN-ADEVJIANI","ipAddress":"::1","authenticationPackageName":"Negotiate","workstationName":"WIN-ADEVJIANI","subStatus":"0xc0000064","logonProcessName":"seclogo","targetUserName":"nonexistentuser5","keyLength":"0","subjectUserSid":"S-1-5-21-2954689795-1905190546-495090600-1000","processId":"0x80c","processName":"C:\\\\Windows\\\\System32\\\\svchost.exe","ipPort":"0","failureReason":"%%2313","targetDomainName":"WIN-ADEVJIANI","targetUserSid":"S-1-0-0","logonType":"2","subjectUserName":"labadmin","status":"0xc000006d"},"system":{"eventID":"4625","keywords":"0x8010000000000000","providerGuid":"{54849625-5478-4994-a5ba-3e3b0328c30d}","level":"0","channel":"Security","opcode":"0","message":"\"An account failed to log on.\r\n\r\nSubject:\r\n\tSecurity ID:\t\tS-1-5-21-2954689795-1905190546-495090600-1000\r\n\tAccount Name:\t\tlabadmin\r\n\tAccount Domain:\t\tWIN-ADEVJIANI\r\n\tLogon ID:\t\t0x6D3E7\r\n\r\nLogon Type:\t\t\t2\r\n\r\nAccount For Which Logon Failed:\r\n\tSecurity ID:\t\tS-1-0-0\r\n\tAccount Name:\t\tnonexistentuser5\r\n\tAccount Domain:\t\tWIN-ADEVJIANI\r\n\r\nFailure Information:\r\n\tFailure Reason:\t\tUnknown user name or bad password.\r\n\tStatus:\t\t\t0xC000006D\r\n\tSub Status:\t\t0xC0000064\r\n\r\nProcess Information:\r\n\tCaller Process ID:\t0x80c\r\n\tCaller Process Name:\tC:\\Windows\\System32\\svchost.exe\r\n\r\nNetwork Information:\r\n\tWorkstation Name:\tWIN-ADEVJIANI\r\n\tSource Network Address:\t::1\r\n\tSource Port:\t\t0\r\n\r\nDetailed Authentication Information:\r\n\tLogon Process:\t\tseclogo\r\n\tAuthentication Package:\tNegotiate\r\n\tTransited Services:\t-\r\n\tPackage Name (NTLM only):\t-\r\n\tKey Length:\t\t0\r\n\r\nThis event is generated when a logon request fails. It is generated on the computer where access was attempted.\r\n\r\nThe Subject fields indicate the account on the local system which requested the logon. This is most commonly a service such as the Server service, or a local process such as Winlogon.exe or Services.exe.\r\n\r\nThe Logon Type field indicates the kind of logon that was requested. The most common types are 2 (interactive) and 3 (network).\r\n\r\nThe Process Information fields indicate which account and process on the system requested the logon.\r\n\r\nThe Network Information fields indicate where a remote logon request originated. Workstation name is not always available and may be left blank in some cases.\r\n\r\nThe authentication information fields provide detailed information about this specific logon request.\r\n\t- Transited services indicate which intermediate services have participated in this logon request.\r\n\t- Package name indicates which sub-protocol was used among the NTLM protocols.\r\n\t- Key length indicates the length of the generated session key. This will be 0 if no session key was requested.\"","version":"0","systemTime":"2026-08-05T07:47:16.5516090Z","eventRecordID":"25095","threadID":"916","computer":"win-adevjiani","task":"12544","processID":"868","severityValue":"AUDIT_FAILURE","providerName":"Microsoft-Windows-Security-Auditing"}}}
{"win":{"eventdata":{"subjectLogonId":"0x6d3e7","subjectDomainName":"WIN-ADEVJIANI","ipAddress":"::1","authenticationPackageName":"Negotiate","workstationName":"WIN-ADEVJIANI","subStatus":"0xc0000064","logonProcessName":"seclogo","targetUserName":"nonexistentuser6","keyLength":"0","subjectUserSid":"S-1-5-21-2954689795-1905190546-495090600-1000","processId":"0x80c","processName":"C:\\\\Windows\\\\System32\\\\svchost.exe","ipPort":"0","failureReason":"%%2313","targetDomainName":"WIN-ADEVJIANI","targetUserSid":"S-1-0-0","logonType":"2","subjectUserName":"labadmin","status":"0xc000006d"},"system":{"eventID":"4625","keywords":"0x8010000000000000","providerGuid":"{54849625-5478-4994-a5ba-3e3b0328c30d}","level":"0","channel":"Security","opcode":"0","message":"\"An account failed to log on.\r\n\r\nSubject:\r\n\tSecurity ID:\t\tS-1-5-21-2954689795-1905190546-495090600-1000\r\n\tAccount Name:\t\tlabadmin\r\n\tAccount Domain:\t\tWIN-ADEVJIANI\r\n\tLogon ID:\t\t0x6D3E7\r\n\r\nLogon Type:\t\t\t2\r\n\r\nAccount For Which Logon Failed:\r\n\tSecurity ID:\t\tS-1-0-0\r\n\tAccount Name:\t\tnonexistentuser6\r\n\tAccount Domain:\t\tWIN-ADEVJIANI\r\n\r\nFailure Information:\r\n\tFailure Reason:\t\tUnknown user name or bad password.\r\n\tStatus:\t\t\t0xC000006D\r\n\tSub Status:\t\t0xC0000064\r\n\r\nProcess Information:\r\n\tCaller Process ID:\t0x80c\r\n\tCaller Process Name:\tC:\\Windows\\System32\\svchost.exe\r\n\r\nNetwork Information:\r\n\tWorkstation Name:\tWIN-ADEVJIANI\r\n\tSource Network Address:\t::1\r\n\tSource Port:\t\t0\r\n\r\nDetailed Authentication Information:\r\n\tLogon Process:\t\tseclogo\r\n\tAuthentication Package:\tNegotiate\r\n\tTransited Services:\t-\r\n\tPackage Name (NTLM only):\t-\r\n\tKey Length:\t\t0\r\n\r\nThis event is generated when a logon request fails. It is generated on the computer where access was attempted.\r\n\r\nThe Subject fields indicate the account on the local system which requested the logon. This is most commonly a service such as the Server service, or a local process such as Winlogon.exe or Services.exe.\r\n\r\nThe Logon Type field indicates the kind of logon that was requested. The most common types are 2 (interactive) and 3 (network).\r\n\r\nThe Process Information fields indicate which account and process on the system requested the logon.\r\n\r\nThe Network Information fields indicate where a remote logon request originated. Workstation name is not always available and may be left blank in some cases.\r\n\r\nThe authentication information fields provide detailed information about this specific logon request.\r\n\t- Transited services indicate which intermediate services have participated in this logon request.\r\n\t- Package name indicates which sub-protocol was used among the NTLM protocols.\r\n\t- Key length indicates the length of the generated session key. This will be 0 if no session key was requested.\"","version":"0","systemTime":"2026-08-05T07:47:20.3643225Z","eventRecordID":"25097","threadID":"916","computer":"win-adevjiani","task":"12544","processID":"868","severityValue":"AUDIT_FAILURE","providerName":"Microsoft-Windows-Security-Auditing"}}}
{"win":{"eventdata":{"subjectLogonId":"0x6d3e7","subjectDomainName":"WIN-ADEVJIANI","ipAddress":"::1","authenticationPackageName":"Negotiate","workstationName":"WIN-ADEVJIANI","subStatus":"0xc0000064","logonProcessName":"seclogo","targetUserName":"nonexistentuser7","keyLength":"0","subjectUserSid":"S-1-5-21-2954689795-1905190546-495090600-1000","processId":"0x80c","processName":"C:\\\\Windows\\\\System32\\\\svchost.exe","ipPort":"0","failureReason":"%%2313","targetDomainName":"WIN-ADEVJIANI","targetUserSid":"S-1-0-0","logonType":"2","subjectUserName":"labadmin","status":"0xc000006d"},"system":{"eventID":"4625","keywords":"0x8010000000000000","providerGuid":"{54849625-5478-4994-a5ba-3e3b0328c30d}","level":"0","channel":"Security","opcode":"0","message":"\"An account failed to log on.\r\n\r\nSubject:\r\n\tSecurity ID:\t\tS-1-5-21-2954689795-1905190546-495090600-1000\r\n\tAccount Name:\t\tlabadmin\r\n\tAccount Domain:\t\tWIN-ADEVJIANI\r\n\tLogon ID:\t\t0x6D3E7\r\n\r\nLogon Type:\t\t\t2\r\n\r\nAccount For Which Logon Failed:\r\n\tSecurity ID:\t\tS-1-0-0\r\n\tAccount Name:\t\tnonexistentuser7\r\n\tAccount Domain:\t\tWIN-ADEVJIANI\r\n\r\nFailure Information:\r\n\tFailure Reason:\t\tUnknown user name or bad password.\r\n\tStatus:\t\t\t0xC000006D\r\n\tSub Status:\t\t0xC0000064\r\n\r\nProcess Information:\r\n\tCaller Process ID:\t0x80c\r\n\tCaller Process Name:\tC:\\Windows\\System32\\svchost.exe\r\n\r\nNetwork Information:\r\n\tWorkstation Name:\tWIN-ADEVJIANI\r\n\tSource Network Address:\t::1\r\n\tSource Port:\t\t0\r\n\r\nDetailed Authentication Information:\r\n\tLogon Process:\t\tseclogo\r\n\tAuthentication Package:\tNegotiate\r\n\tTransited Services:\t-\r\n\tPackage Name (NTLM only):\t-\r\n\tKey Length:\t\t0\r\n\r\nThis event is generated when a logon request fails. It is generated on the computer where access was attempted.\r\n\r\nThe Subject fields indicate the account on the local system which requested the logon. This is most commonly a service such as the Server service, or a local process such as Winlogon.exe or Services.exe.\r\n\r\nThe Logon Type field indicates the kind of logon that was requested. The most common types are 2 (interactive) and 3 (network).\r\n\r\nThe Process Information fields indicate which account and process on the system requested the logon.\r\n\r\nThe Network Information fields indicate where a remote logon request originated. Workstation name is not always available and may be left blank in some cases.\r\n\r\nThe authentication information fields provide detailed information about this specific logon request.\r\n\t- Transited services indicate which intermediate services have participated in this logon request.\r\n\t- Package name indicates which sub-protocol was used among the NTLM protocols.\r\n\t- Key length indicates the length of the generated session key. This will be 0 if no session key was requested.\"","version":"0","systemTime":"2026-08-05T07:47:24.0721581Z","eventRecordID":"25099","threadID":"916","computer":"win-adevjiani","task":"12544","processID":"868","severityValue":"AUDIT_FAILURE","providerName":"Microsoft-Windows-Security-Auditing"}}}
{"win":{"eventdata":{"subjectLogonId":"0x6d3e7","subjectDomainName":"WIN-ADEVJIANI","ipAddress":"::1","authenticationPackageName":"Negotiate","workstationName":"WIN-ADEVJIANI","subStatus":"0xc0000064","logonProcessName":"seclogo","targetUserName":"nonexistentuser8","keyLength":"0","subjectUserSid":"S-1-5-21-2954689795-1905190546-495090600-1000","processId":"0x80c","processName":"C:\\\\Windows\\\\System32\\\\svchost.exe","ipPort":"0","failureReason":"%%2313","targetDomainName":"WIN-ADEVJIANI","targetUserSid":"S-1-0-0","logonType":"2","subjectUserName":"labadmin","status":"0xc000006d"},"system":{"eventID":"4625","keywords":"0x8010000000000000","providerGuid":"{54849625-5478-4994-a5ba-3e3b0328c30d}","level":"0","channel":"Security","opcode":"0","message":"\"An account failed to log on.\r\n\r\nSubject:\r\n\tSecurity ID:\t\tS-1-5-21-2954689795-1905190546-495090600-1000\r\n\tAccount Name:\t\tlabadmin\r\n\tAccount Domain:\t\tWIN-ADEVJIANI\r\n\tLogon ID:\t\t0x6D3E7\r\n\r\nLogon Type:\t\t\t2\r\n\r\nAccount For Which Logon Failed:\r\n\tSecurity ID:\t\tS-1-0-0\r\n\tAccount Name:\t\tnonexistentuser8\r\n\tAccount Domain:\t\tWIN-ADEVJIANI\r\n\r\nFailure Information:\r\n\tFailure Reason:\t\tUnknown user name or bad password.\r\n\tStatus:\t\t\t0xC000006D\r\n\tSub Status:\t\t0xC0000064\r\n\r\nProcess Information:\r\n\tCaller Process ID:\t0x80c\r\n\tCaller Process Name:\tC:\\Windows\\System32\\svchost.exe\r\n\r\nNetwork Information:\r\n\tWorkstation Name:\tWIN-ADEVJIANI\r\n\tSource Network Address:\t::1\r\n\tSource Port:\t\t0\r\n\r\nDetailed Authentication Information:\r\n\tLogon Process:\t\tseclogo\r\n\tAuthentication Package:\tNegotiate\r\n\tTransited Services:\t-\r\n\tPackage Name (NTLM only):\t-\r\n\tKey Length:\t\t0\r\n\r\nThis event is generated when a logon request fails. It is generated on the computer where access was attempted.\r\n\r\nThe Subject fields indicate the account on the local system which requested the logon. This is most commonly a service such as the Server service, or a local process such as Winlogon.exe or Services.exe.\r\n\r\nThe Logon Type field indicates the kind of logon that was requested. The most common types are 2 (interactive) and 3 (network).\r\n\r\nThe Process Information fields indicate which account and process on the system requested the logon.\r\n\r\nThe Network Information fields indicate where a remote logon request originated. Workstation name is not always available and may be left blank in some cases.\r\n\r\nThe authentication information fields provide detailed information about this specific logon request.\r\n\t- Transited services indicate which intermediate services have participated in this logon request.\r\n\t- Package name indicates which sub-protocol was used among the NTLM protocols.\r\n\t- Key length indicates the length of the generated session key. This will be 0 if no session key was requested.\"","version":"0","systemTime":"2026-08-05T07:47:28.7354537Z","eventRecordID":"25101","threadID":"916","computer":"win-adevjiani","task":"12544","processID":"868","severityValue":"AUDIT_FAILURE","providerName":"Microsoft-Windows-Security-Auditing"}}}
{"win":{"eventdata":{"subjectLogonId":"0x6d3e7","subjectDomainName":"WIN-ADEVJIANI","ipAddress":"::1","authenticationPackageName":"Negotiate","workstationName":"WIN-ADEVJIANI","subStatus":"0xc0000064","logonProcessName":"seclogo","targetUserName":"nonexistentuser9","keyLength":"0","subjectUserSid":"S-1-5-21-2954689795-1905190546-495090600-1000","processId":"0x80c","processName":"C:\\\\Windows\\\\System32\\\\svchost.exe","ipPort":"0","failureReason":"%%2313","targetDomainName":"WIN-ADEVJIANI","targetUserSid":"S-1-0-0","logonType":"2","subjectUserName":"labadmin","status":"0xc000006d"},"system":{"eventID":"4625","keywords":"0x8010000000000000","providerGuid":"{54849625-5478-4994-a5ba-3e3b0328c30d}","level":"0","channel":"Security","opcode":"0","message":"\"An account failed to log on.\r\n\r\nSubject:\r\n\tSecurity ID:\t\tS-1-5-21-2954689795-1905190546-495090600-1000\r\n\tAccount Name:\t\tlabadmin\r\n\tAccount Domain:\t\tWIN-ADEVJIANI\r\n\tLogon ID:\t\t0x6D3E7\r\n\r\nLogon Type:\t\t\t2\r\n\r\nAccount For Which Logon Failed:\r\n\tSecurity ID:\t\tS-1-0-0\r\n\tAccount Name:\t\tnonexistentuser9\r\n\tAccount Domain:\t\tWIN-ADEVJIANI\r\n\r\nFailure Information:\r\n\tFailure Reason:\t\tUnknown user name or bad password.\r\n\tStatus:\t\t\t0xC000006D\r\n\tSub Status:\t\t0xC0000064\r\n\r\nProcess Information:\r\n\tCaller Process ID:\t0x80c\r\n\tCaller Process Name:\tC:\\Windows\\System32\\svchost.exe\r\n\r\nNetwork Information:\r\n\tWorkstation Name:\tWIN-ADEVJIANI\r\n\tSource Network Address:\t::1\r\n\tSource Port:\t\t0\r\n\r\nDetailed Authentication Information:\r\n\tLogon Process:\t\tseclogo\r\n\tAuthentication Package:\tNegotiate\r\n\tTransited Services:\t-\r\n\tPackage Name (NTLM only):\t-\r\n\tKey Length:\t\t0\r\n\r\nThis event is generated when a logon request fails. It is generated on the computer where access was attempted.\r\n\r\nThe Subject fields indicate the account on the local system which requested the logon. This is most commonly a service such as the Server service, or a local process such as Winlogon.exe or Services.exe.\r\n\r\nThe Logon Type field indicates the kind of logon that was requested. The most common types are 2 (interactive) and 3 (network).\r\n\r\nThe Process Information fields indicate which account and process on the system requested the logon.\r\n\r\nThe Network Information fields indicate where a remote logon request originated. Workstation name is not always available and may be left blank in some cases.\r\n\r\nThe authentication information fields provide detailed information about this specific logon request.\r\n\t- Transited services indicate which intermediate services have participated in this logon request.\r\n\t- Package name indicates which sub-protocol was used among the NTLM protocols.\r\n\t- Key length indicates the length of the generated session key. This will be 0 if no session key was requested.\"","version":"0","systemTime":"2026-08-05T07:47:32.9672884Z","eventRecordID":"25103","threadID":"916","computer":"win-adevjiani","task":"12544","processID":"868","severityValue":"AUDIT_FAILURE","providerName":"Microsoft-Windows-Security-Auditing"}}}
{"win":{"eventdata":{"subjectLogonId":"0x6d3e7","subjectDomainName":"WIN-ADEVJIANI","ipAddress":"::1","authenticationPackageName":"Negotiate","workstationName":"WIN-ADEVJIANI","subStatus":"0xc0000064","logonProcessName":"seclogo","targetUserName":"nonexistentuser10","keyLength":"0","subjectUserSid":"S-1-5-21-2954689795-1905190546-495090600-1000","processId":"0x80c","processName":"C:\\\\Windows\\\\System32\\\\svchost.exe","ipPort":"0","failureReason":"%%2313","targetDomainName":"WIN-ADEVJIANI","targetUserSid":"S-1-0-0","logonType":"2","subjectUserName":"labadmin","status":"0xc000006d"},"system":{"eventID":"4625","keywords":"0x8010000000000000","providerGuid":"{54849625-5478-4994-a5ba-3e3b0328c30d}","level":"0","channel":"Security","opcode":"0","message":"\"An account failed to log on.\r\n\r\nSubject:\r\n\tSecurity ID:\t\tS-1-5-21-2954689795-1905190546-495090600-1000\r\n\tAccount Name:\t\tlabadmin\r\n\tAccount Domain:\t\tWIN-ADEVJIANI\r\n\tLogon ID:\t\t0x6D3E7\r\n\r\nLogon Type:\t\t\t2\r\n\r\nAccount For Which Logon Failed:\r\n\tSecurity ID:\t\tS-1-0-0\r\n\tAccount Name:\t\tnonexistentuser10\r\n\tAccount Domain:\t\tWIN-ADEVJIANI\r\n\r\nFailure Information:\r\n\tFailure Reason:\t\tUnknown user name or bad password.\r\n\tStatus:\t\t\t0xC000006D\r\n\tSub Status:\t\t0xC0000064\r\n\r\nProcess Information:\r\n\tCaller Process ID:\t0x80c\r\n\tCaller Process Name:\tC:\\Windows\\System32\\svchost.exe\r\n\r\nNetwork Information:\r\n\tWorkstation Name:\tWIN-ADEVJIANI\r\n\tSource Network Address:\t::1\r\n\tSource Port:\t\t0\r\n\r\nDetailed Authentication Information:\r\n\tLogon Process:\t\tseclogo\r\n\tAuthentication Package:\tNegotiate\r\n\tTransited Services:\t-\r\n\tPackage Name (NTLM only):\t-\r\n\tKey Length:\t\t0\r\n\r\nThis event is generated when a logon request fails. It is generated on the computer where access was attempted.\r\n\r\nThe Subject fields indicate the account on the local system which requested the logon. This is most commonly a service such as the Server service, or a local process such as Winlogon.exe or Services.exe.\r\n\r\nThe Logon Type field indicates the kind of logon that was requested. The most common types are 2 (interactive) and 3 (network).\r\n\r\nThe Process Information fields indicate which account and process on the system requested the logon.\r\n\r\nThe Network Information fields indicate where a remote logon request originated. Workstation name is not always available and may be left blank in some cases.\r\n\r\nThe authentication information fields provide detailed information about this specific logon request.\r\n\t- Transited services indicate which intermediate services have participated in this logon request.\r\n\t- Package name indicates which sub-protocol was used among the NTLM protocols.\r\n\t- Key length indicates the length of the generated session key. This will be 0 if no session key was requested.\"","version":"0","systemTime":"2026-08-05T07:47:37.6395301Z","eventRecordID":"25105","threadID":"916","computer":"win-adevjiani","task":"12544","processID":"868","severityValue":"AUDIT_FAILURE","providerName":"Microsoft-Windows-Security-Auditing"}}}
{"win":{"eventdata":{"subjectLogonId":"0x6d3e7","subjectDomainName":"WIN-ADEVJIANI","ipAddress":"::1","authenticationPackageName":"Negotiate","workstationName":"WIN-ADEVJIANI","subStatus":"0xc0000064","logonProcessName":"seclogo","targetUserName":"nonexistentuser11","keyLength":"0","subjectUserSid":"S-1-5-21-2954689795-1905190546-495090600-1000","processId":"0x80c","processName":"C:\\\\Windows\\\\System32\\\\svchost.exe","ipPort":"0","failureReason":"%%2313","targetDomainName":"WIN-ADEVJIANI","targetUserSid":"S-1-0-0","logonType":"2","subjectUserName":"labadmin","status":"0xc000006d"},"system":{"eventID":"4625","keywords":"0x8010000000000000","providerGuid":"{54849625-5478-4994-a5ba-3e3b0328c30d}","level":"0","channel":"Security","opcode":"0","message":"\"An account failed to log on.\r\n\r\nSubject:\r\n\tSecurity ID:\t\tS-1-5-21-2954689795-1905190546-495090600-1000\r\n\tAccount Name:\t\tlabadmin\r\n\tAccount Domain:\t\tWIN-ADEVJIANI\r\n\tLogon ID:\t\t0x6D3E7\r\n\r\nLogon Type:\t\t\t2\r\n\r\nAccount For Which Logon Failed:\r\n\tSecurity ID:\t\tS-1-0-0\r\n\tAccount Name:\t\tnonexistentuser11\r\n\tAccount Domain:\t\tWIN-ADEVJIANI\r\n\r\nFailure Information:\r\n\tFailure Reason:\t\tUnknown user name or bad password.\r\n\tStatus:\t\t\t0xC000006D\r\n\tSub Status:\t\t0xC0000064\r\n\r\nProcess Information:\r\n\tCaller Process ID:\t0x80c\r\n\tCaller Process Name:\tC:\\Windows\\System32\\svchost.exe\r\n\r\nNetwork Information:\r\n\tWorkstation Name:\tWIN-ADEVJIANI\r\n\tSource Network Address:\t::1\r\n\tSource Port:\t\t0\r\n\r\nDetailed Authentication Information:\r\n\tLogon Process:\t\tseclogo\r\n\tAuthentication Package:\tNegotiate\r\n\tTransited Services:\t-\r\n\tPackage Name (NTLM only):\t-\r\n\tKey Length:\t\t0\r\n\r\nThis event is generated when a logon request fails. It is generated on the computer where access was attempted.\r\n\r\nThe Subject fields indicate the account on the local system which requested the logon. This is most commonly a service such as the Server service, or a local process such as Winlogon.exe or Services.exe.\r\n\r\nThe Logon Type field indicates the kind of logon that was requested. The most common types are 2 (interactive) and 3 (network).\r\n\r\nThe Process Information fields indicate which account and process on the system requested the logon.\r\n\r\nThe Network Information fields indicate where a remote logon request originated. Workstation name is not always available and may be left blank in some cases.\r\n\r\nThe authentication information fields provide detailed information about this specific logon request.\r\n\t- Transited services indicate which intermediate services have participated in this logon request.\r\n\t- Package name indicates which sub-protocol was used among the NTLM protocols.\r\n\t- Key length indicates the length of the generated session key. This will be 0 if no session key was requested.\"","version":"0","systemTime":"2026-08-05T07:47:40.9312050Z","eventRecordID":"25107","threadID":"916","computer":"win-adevjiani","task":"12544","processID":"868","severityValue":"AUDIT_FAILURE","providerName":"Microsoft-Windows-Security-Auditing"}}}
{"win":{"eventdata":{"subjectLogonId":"0x6d3e7","subjectDomainName":"WIN-ADEVJIANI","ipAddress":"::1","authenticationPackageName":"Negotiate","workstationName":"WIN-ADEVJIANI","subStatus":"0xc0000064","logonProcessName":"seclogo","targetUserName":"nonexistentuser12","keyLength":"0","subjectUserSid":"S-1-5-21-2954689795-1905190546-495090600-1000","processId":"0x80c","processName":"C:\\\\Windows\\\\System32\\\\svchost.exe","ipPort":"0","failureReason":"%%2313","targetDomainName":"WIN-ADEVJIANI","targetUserSid":"S-1-0-0","logonType":"2","subjectUserName":"labadmin","status":"0xc000006d"},"system":{"eventID":"4625","keywords":"0x8010000000000000","providerGuid":"{54849625-5478-4994-a5ba-3e3b0328c30d}","level":"0","channel":"Security","opcode":"0","message":"\"An account failed to log on.\r\n\r\nSubject:\r\n\tSecurity ID:\t\tS-1-5-21-2954689795-1905190546-495090600-1000\r\n\tAccount Name:\t\tlabadmin\r\n\tAccount Domain:\t\tWIN-ADEVJIANI\r\n\tLogon ID:\t\t0x6D3E7\r\n\r\nLogon Type:\t\t\t2\r\n\r\nAccount For Which Logon Failed:\r\n\tSecurity ID:\t\tS-1-0-0\r\n\tAccount Name:\t\tnonexistentuser12\r\n\tAccount Domain:\t\tWIN-ADEVJIANI\r\n\r\nFailure Information:\r\n\tFailure Reason:\t\tUnknown user name or bad password.\r\n\tStatus:\t\t\t0xC000006D\r\n\tSub Status:\t\t0xC0000064\r\n\r\nProcess Information:\r\n\tCaller Process ID:\t0x80c\r\n\tCaller Process Name:\tC:\\Windows\\System32\\svchost.exe\r\n\r\nNetwork Information:\r\n\tWorkstation Name:\tWIN-ADEVJIANI\r\n\tSource Network Address:\t::1\r\n\tSource Port:\t\t0\r\n\r\nDetailed Authentication Information:\r\n\tLogon Process:\t\tseclogo\r\n\tAuthentication Package:\tNegotiate\r\n\tTransited Services:\t-\r\n\tPackage Name (NTLM only):\t-\r\n\tKey Length:\t\t0\r\n\r\nThis event is generated when a logon request fails. It is generated on the computer where access was attempted.\r\n\r\nThe Subject fields indicate the account on the local system which requested the logon. This is most commonly a service such as the Server service, or a local process such as Winlogon.exe or Services.exe.\r\n\r\nThe Logon Type field indicates the kind of logon that was requested. The most common types are 2 (interactive) and 3 (network).\r\n\r\nThe Process Information fields indicate which account and process on the system requested the logon.\r\n\r\nThe Network Information fields indicate where a remote logon request originated. Workstation name is not always available and may be left blank in some cases.\r\n\r\nThe authentication information fields provide detailed information about this specific logon request.\r\n\t- Transited services indicate which intermediate services have participated in this logon request.\r\n\t- Package name indicates which sub-protocol was used among the NTLM protocols.\r\n\t- Key length indicates the length of the generated session key. This will be 0 if no session key was requested.\"","version":"0","systemTime":"2026-08-05T07:47:44.8782246Z","eventRecordID":"25109","threadID":"916","computer":"win-adevjiani","task":"12544","processID":"868","severityValue":"AUDIT_FAILURE","providerName":"Microsoft-Windows-Security-Auditing"}}}
{"win":{"eventdata":{"subjectLogonId":"0x6d3e7","subjectDomainName":"WIN-ADEVJIANI","ipAddress":"::1","authenticationPackageName":"Negotiate","workstationName":"WIN-ADEVJIANI","subStatus":"0xc0000064","logonProcessName":"seclogo","targetUserName":"nonexistentuser13","keyLength":"0","subjectUserSid":"S-1-5-21-2954689795-1905190546-495090600-1000","processId":"0x80c","processName":"C:\\\\Windows\\\\System32\\\\svchost.exe","ipPort":"0","failureReason":"%%2313","targetDomainName":"WIN-ADEVJIANI","targetUserSid":"S-1-0-0","logonType":"2","subjectUserName":"labadmin","status":"0xc000006d"},"system":{"eventID":"4625","keywords":"0x8010000000000000","providerGuid":"{54849625-5478-4994-a5ba-3e3b0328c30d}","level":"0","channel":"Security","opcode":"0","message":"\"An account failed to log on.\r\n\r\nSubject:\r\n\tSecurity ID:\t\tS-1-5-21-2954689795-1905190546-495090600-1000\r\n\tAccount Name:\t\tlabadmin\r\n\tAccount Domain:\t\tWIN-ADEVJIANI\r\n\tLogon ID:\t\t0x6D3E7\r\n\r\nLogon Type:\t\t\t2\r\n\r\nAccount For Which Logon Failed:\r\n\tSecurity ID:\t\tS-1-0-0\r\n\tAccount Name:\t\tnonexistentuser13\r\n\tAccount Domain:\t\tWIN-ADEVJIANI\r\n\r\nFailure Information:\r\n\tFailure Reason:\t\tUnknown user name or bad password.\r\n\tStatus:\t\t\t0xC000006D\r\n\tSub Status:\t\t0xC0000064\r\n\r\nProcess Information:\r\n\tCaller Process ID:\t0x80c\r\n\tCaller Process Name:\tC:\\Windows\\System32\\svchost.exe\r\n\r\nNetwork Information:\r\n\tWorkstation Name:\tWIN-ADEVJIANI\r\n\tSource Network Address:\t::1\r\n\tSource Port:\t\t0\r\n\r\nDetailed Authentication Information:\r\n\tLogon Process:\t\tseclogo\r\n\tAuthentication Package:\tNegotiate\r\n\tTransited Services:\t-\r\n\tPackage Name (NTLM only):\t-\r\n\tKey Length:\t\t0\r\n\r\nThis event is generated when a logon request fails. It is generated on the computer where access was attempted.\r\n\r\nThe Subject fields indicate the account on the local system which requested the logon. This is most commonly a service such as the Server service, or a local process such as Winlogon.exe or Services.exe.\r\n\r\nThe Logon Type field indicates the kind of logon that was requested. The most common types are 2 (interactive) and 3 (network).\r\n\r\nThe Process Information fields indicate which account and process on the system requested the logon.\r\n\r\nThe Network Information fields indicate where a remote logon request originated. Workstation name is not always available and may be left blank in some cases.\r\n\r\nThe authentication information fields provide detailed information about this specific logon request.\r\n\t- Transited services indicate which intermediate services have participated in this logon request.\r\n\t- Package name indicates which sub-protocol was used among the NTLM protocols.\r\n\t- Key length indicates the length of the generated session key. This will be 0 if no session key was requested.\"","version":"0","systemTime":"2026-08-05T07:47:48.8044595Z","eventRecordID":"25111","threadID":"916","computer":"win-adevjiani","task":"12544","processID":"868","severityValue":"AUDIT_FAILURE","providerName":"Microsoft-Windows-Security-Auditing"}}}
{"win":{"eventdata":{"subjectLogonId":"0x6d3e7","subjectDomainName":"WIN-ADEVJIANI","ipAddress":"::1","authenticationPackageName":"Negotiate","workstationName":"WIN-ADEVJIANI","subStatus":"0xc0000064","logonProcessName":"seclogo","targetUserName":"nonexistentuser14","keyLength":"0","subjectUserSid":"S-1-5-21-2954689795-1905190546-495090600-1000","processId":"0x80c","processName":"C:\\\\Windows\\\\System32\\\\svchost.exe","ipPort":"0","failureReason":"%%2313","targetDomainName":"WIN-ADEVJIANI","targetUserSid":"S-1-0-0","logonType":"2","subjectUserName":"labadmin","status":"0xc000006d"},"system":{"eventID":"4625","keywords":"0x8010000000000000","providerGuid":"{54849625-5478-4994-a5ba-3e3b0328c30d}","level":"0","channel":"Security","opcode":"0","message":"\"An account failed to log on.\r\n\r\nSubject:\r\n\tSecurity ID:\t\tS-1-5-21-2954689795-1905190546-495090600-1000\r\n\tAccount Name:\t\tlabadmin\r\n\tAccount Domain:\t\tWIN-ADEVJIANI\r\n\tLogon ID:\t\t0x6D3E7\r\n\r\nLogon Type:\t\t\t2\r\n\r\nAccount For Which Logon Failed:\r\n\tSecurity ID:\t\tS-1-0-0\r\n\tAccount Name:\t\tnonexistentuser14\r\n\tAccount Domain:\t\tWIN-ADEVJIANI\r\n\r\nFailure Information:\r\n\tFailure Reason:\t\tUnknown user name or bad password.\r\n\tStatus:\t\t\t0xC000006D\r\n\tSub Status:\t\t0xC0000064\r\n\r\nProcess Information:\r\n\tCaller Process ID:\t0x80c\r\n\tCaller Process Name:\tC:\\Windows\\System32\\svchost.exe\r\n\r\nNetwork Information:\r\n\tWorkstation Name:\tWIN-ADEVJIANI\r\n\tSource Network Address:\t::1\r\n\tSource Port:\t\t0\r\n\r\nDetailed Authentication Information:\r\n\tLogon Process:\t\tseclogo\r\n\tAuthentication Package:\tNegotiate\r\n\tTransited Services:\t-\r\n\tPackage Name (NTLM only):\t-\r\n\tKey Length:\t\t0\r\n\r\nThis event is generated when a logon request fails. It is generated on the computer where access was attempted.\r\n\r\nThe Subject fields indicate the account on the local system which requested the logon. This is most commonly a service such as the Server service, or a local process such as Winlogon.exe or Services.exe.\r\n\r\nThe Logon Type field indicates the kind of logon that was requested. The most common types are 2 (interactive) and 3 (network).\r\n\r\nThe Process Information fields indicate which account and process on the system requested the logon.\r\n\r\nThe Network Information fields indicate where a remote logon request originated. Workstation name is not always available and may be left blank in some cases.\r\n\r\nThe authentication information fields provide detailed information about this specific logon request.\r\n\t- Transited services indicate which intermediate services have participated in this logon request.\r\n\t- Package name indicates which sub-protocol was used among the NTLM protocols.\r\n\t- Key length indicates the length of the generated session key. This will be 0 if no session key was requested.\"","version":"0","systemTime":"2026-08-05T07:47:53.2784009Z","eventRecordID":"25113","threadID":"916","computer":"win-adevjiani","task":"12544","processID":"868","severityValue":"AUDIT_FAILURE","providerName":"Microsoft-Windows-Security-Auditing"}}}
{"win":{"eventdata":{"subjectLogonId":"0x6d3e7","subjectDomainName":"WIN-ADEVJIANI","ipAddress":"::1","authenticationPackageName":"Negotiate","workstationName":"WIN-ADEVJIANI","subStatus":"0xc0000064","logonProcessName":"seclogo","targetUserName":"nonexistentuser15","keyLength":"0","subjectUserSid":"S-1-5-21-2954689795-1905190546-495090600-1000","processId":"0x80c","processName":"C:\\\\Windows\\\\System32\\\\svchost.exe","ipPort":"0","failureReason":"%%2313","targetDomainName":"WIN-ADEVJIANI","targetUserSid":"S-1-0-0","logonType":"2","subjectUserName":"labadmin","status":"0xc000006d"},"system":{"eventID":"4625","keywords":"0x8010000000000000","providerGuid":"{54849625-5478-4994-a5ba-3e3b0328c30d}","level":"0","channel":"Security","opcode":"0","message":"\"An account failed to log on.\r\n\r\nSubject:\r\n\tSecurity ID:\t\tS-1-5-21-2954689795-1905190546-495090600-1000\r\n\tAccount Name:\t\tlabadmin\r\n\tAccount Domain:\t\tWIN-ADEVJIANI\r\n\tLogon ID:\t\t0x6D3E7\r\n\r\nLogon Type:\t\t\t2\r\n\r\nAccount For Which Logon Failed:\r\n\tSecurity ID:\t\tS-1-0-0\r\n\tAccount Name:\t\tnonexistentuser15\r\n\tAccount Domain:\t\tWIN-ADEVJIANI\r\n\r\nFailure Information:\r\n\tFailure Reason:\t\tUnknown user name or bad password.\r\n\tStatus:\t\t\t0xC000006D\r\n\tSub Status:\t\t0xC0000064\r\n\r\nProcess Information:\r\n\tCaller Process ID:\t0x80c\r\n\tCaller Process Name:\tC:\\Windows\\System32\\svchost.exe\r\n\r\nNetwork Information:\r\n\tWorkstation Name:\tWIN-ADEVJIANI\r\n\tSource Network Address:\t::1\r\n\tSource Port:\t\t0\r\n\r\nDetailed Authentication Information:\r\n\tLogon Process:\t\tseclogo\r\n\tAuthentication Package:\tNegotiate\r\n\tTransited Services:\t-\r\n\tPackage Name (NTLM only):\t-\r\n\tKey Length:\t\t0\r\n\r\nThis event is generated when a logon request fails. It is generated on the computer where access was attempted.\r\n\r\nThe Subject fields indicate the account on the local system which requested the logon. This is most commonly a service such as the Server service, or a local process such as Winlogon.exe or Services.exe.\r\n\r\nThe Logon Type field indicates the kind of logon that was requested. The most common types are 2 (interactive) and 3 (network).\r\n\r\nThe Process Information fields indicate which account and process on the system requested the logon.\r\n\r\nThe Network Information fields indicate where a remote logon request originated. Workstation name is not always available and may be left blank in some cases.\r\n\r\nThe authentication information fields provide detailed information about this specific logon request.\r\n\t- Transited services indicate which intermediate services have participated in this logon request.\r\n\t- Package name indicates which sub-protocol was used among the NTLM protocols.\r\n\t- Key length indicates the length of the generated session key. This will be 0 if no session key was requested.\"","version":"0","systemTime":"2026-08-05T07:47:57.7389686Z","eventRecordID":"25115","threadID":"5416","computer":"win-adevjiani","task":"12544","processID":"868","severityValue":"AUDIT_FAILURE","providerName":"Microsoft-Windows-Security-Auditing"}}}
